This is pdfTeX, Version 3.14159265-2.6-1.40.17 (TeX Live 2016) (preloaded format=pdflatex 2016.12.20)  29 DEC 2016 18:08
entering extended mode
 restricted \write18 enabled.
 %&-line parsing enabled.
**master.tex
(./master.tex
LaTeX2e <2016/03/31>
Babel <3.9r> and hyphenation patterns for 83 language(s) loaded.
(/usr/local/texlive/2016/texmf-dist/tex/latex/koma-script/scrartcl.cls
Document Class: scrartcl 2016/05/10 v3.20 KOMA-Script document class (article)
(/usr/local/texlive/2016/texmf-dist/tex/latex/koma-script/scrkbase.sty
Package: scrkbase 2016/05/10 v3.20 KOMA-Script package (KOMA-Script-dependent b
asics and keyval usage)

(/usr/local/texlive/2016/texmf-dist/tex/latex/koma-script/scrbase.sty
Package: scrbase 2016/05/10 v3.20 KOMA-Script package (KOMA-Script-independent 
basics and keyval usage)

(/usr/local/texlive/2016/texmf-dist/tex/latex/graphics/keyval.sty
Package: keyval 2014/10/28 v1.15 key=value parser (DPC)
\KV@toks@=\toks14
)
(/usr/local/texlive/2016/texmf-dist/tex/latex/koma-script/scrlfile.sty
Package: scrlfile 2016/05/10 v3.20 KOMA-Script package (loading files)

Package scrlfile, 2016/05/10 v3.20 KOMA-Script package (loading files)
                  Copyright (C) Markus Kohm

))) (/usr/local/texlive/2016/texmf-dist/tex/latex/koma-script/tocbasic.sty
Package: tocbasic 2016/05/10 v3.20 KOMA-Script package (handling toc-files)
\scr@dte@tocline@numberwidth=\skip41
\scr@dte@tocline@numbox=\box26
)
Package tocbasic Info: omitting babel extension for `toc'
(tocbasic)             because of feature `nobabel' available
(tocbasic)             for `toc' on input line 130.
Package tocbasic Info: omitting babel extension for `lof'
(tocbasic)             because of feature `nobabel' available
(tocbasic)             for `lof' on input line 131.
Package tocbasic Info: omitting babel extension for `lot'
(tocbasic)             because of feature `nobabel' available
(tocbasic)             for `lot' on input line 132.
Class scrartcl Info: You've used standard option `oneside'.
(scrartcl)           This is correct!
(scrartcl)           Internally I'm using `twoside=false'.
(scrartcl)           If you'd like to set the option with \KOMAoptions,
(scrartcl)           you'd have to use `twoside=false' there
(scrartcl)           instead of `oneside', too.
Class scrartcl Info: You've used standard option `final'.
(scrartcl)           This is correct!
(scrartcl)           Internally I'm using `draft=false'.
(scrartcl)           If you'd like to set the option with \KOMAoptions,
(scrartcl)           you'd have to use `draft=false' there
(scrartcl)           instead of `final', too.
Class scrartcl Info: File `scrsize11pt.clo' used to setup font sizes on input l
ine 2051.

(/usr/local/texlive/2016/texmf-dist/tex/latex/koma-script/scrsize11pt.clo
File: scrsize11pt.clo 2016/05/10 v3.20 KOMA-Script font size class option (11pt
)
)
(/usr/local/texlive/2016/texmf-dist/tex/latex/koma-script/typearea.sty
Package: typearea 2016/05/10 v3.20 KOMA-Script package (type area)

Package typearea, 2016/05/10 v3.20 KOMA-Script package (type area)
                  Copyright (C) Frank Neukam, 1992-1994
                  Copyright (C) Markus Kohm, 1994-

\ta@bcor=\skip42
\ta@div=\count79
Package typearea Info: You've used standard option `a4paper'.
(typearea)             This is correct!
(typearea)             Internally I'm using `paper=a4'.
(typearea)             If you'd like to set the option with \KOMAoptions,
(typearea)             you'd have to use `paper=a4' there
(typearea)             instead of `a4paper', too.
Package typearea Info: You've used standard option `oneside'.
(typearea)             This is correct!
(typearea)             Internally I'm using `twoside=false'.
(typearea)             If you'd like to set the option with \KOMAoptions,
(typearea)             you'd have to use `twoside=false' there
(typearea)             instead of `oneside', too.
\ta@hblk=\skip43
\ta@vblk=\skip44
\ta@temp=\skip45
\footheight=\skip46
Package typearea Info: These are the values describing the layout:
(typearea)             DIV  = 10
(typearea)             BCOR = 0.0pt
(typearea)             \paperwidth      = 597.50793pt
(typearea)              \textwidth      = 418.25555pt
(typearea)              DIV departure   = -6%
(typearea)              \evensidemargin = 17.3562pt
(typearea)              \oddsidemargin  = 17.3562pt
(typearea)             \paperheight     = 845.04694pt
(typearea)              \textheight     = 595.80026pt
(typearea)              \topmargin      = -25.16531pt
(typearea)              \headheight     = 17.0pt
(typearea)              \headsep        = 20.40001pt
(typearea)              \topskip        = 11.0pt
(typearea)              \footskip       = 47.6pt
(typearea)              \baselineskip   = 13.6pt
(typearea)              on input line 1528.
)
\c@part=\count80
\c@section=\count81
\c@subsection=\count82
\c@subsubsection=\count83
\c@paragraph=\count84
\c@subparagraph=\count85
\scr@dte@part@maxnumwidth=\skip47
\scr@dte@section@maxnumwidth=\skip48
\scr@dte@subsection@maxnumwidth=\skip49
\scr@dte@subsubsection@maxnumwidth=\skip50
\scr@dte@paragraph@maxnumwidth=\skip51
\scr@dte@subparagraph@maxnumwidth=\skip52
LaTeX Info: Redefining \textsubscript on input line 4025.
\abovecaptionskip=\skip53
\belowcaptionskip=\skip54
\c@pti@nb@sid@b@x=\box27
\c@figure=\count86
\c@table=\count87
Class scrartcl Info: Redefining `\numberline' on input line 5012.
\bibindent=\dimen102
) (/usr/local/texlive/2016/texmf-dist/tex/latex/synttree/synttree.sty
\MTr@level=\count88
\MTr@numchildren=\count89
\MTr@maxlevel=\count90
\MTr@mybranchmult=\count91
\MTr@labelbox=\box28
\MTr@treebox=\box29
\MTr@treev=\count92
\MTr@treew=\count93
\MTr@treeheight=\count94
\MTr@treedepth=\count95
\MTr@branchmult=\count96
\MTr@labeldepth=\count97
\MTr@labelheight=\count98
\MTr@labelhalfwidth=\count99
\MTr@morex=\count100
\MTr@parenty=\count101
\MTr@picwidth=\count102
\MTr@picheight=\count103
\MTr@templength=\skip55
\MTr@loopcnta=\count104
\MTr@tempcnta=\count105
\MTr@tempcntb=\count106
\MTr@tempcntc=\count107
\MTr@branchheight=\count108
\MTr@trianglemultright=\count109
\MTr@trianglemultleft=\count110
\MTr@lineoffset=\count111
\MTr@minheight=\skip56
\MTr@childsidesep=\count112
\MTr@childattachsep=\count113
)
(/usr/local/texlive/2016/texmf-dist/tex/latex/graphics/graphicx.sty
Package: graphicx 2014/10/28 v1.0g Enhanced LaTeX Graphics (DPC,SPQR)

(/usr/local/texlive/2016/texmf-dist/tex/latex/graphics/graphics.sty
Package: graphics 2016/05/09 v1.0r Standard LaTeX Graphics (DPC,SPQR)

(/usr/local/texlive/2016/texmf-dist/tex/latex/graphics/trig.sty
Package: trig 2016/01/03 v1.10 sin cos tan (DPC)
)
(/usr/local/texlive/2016/texmf-dist/tex/latex/graphics-cfg/graphics.cfg
File: graphics.cfg 2016/01/02 v1.10 sample graphics configuration
)
Package graphics Info: Driver file: pdftex.def on input line 96.

(/usr/local/texlive/2016/texmf-dist/tex/latex/pdftex-def/pdftex.def
File: pdftex.def 2011/05/27 v0.06d Graphics/color for pdfTeX

(/usr/local/texlive/2016/texmf-dist/tex/generic/oberdiek/infwarerr.sty
Package: infwarerr 2016/05/16 v1.4 Providing info/warning/error messages (HO)
)
(/usr/local/texlive/2016/texmf-dist/tex/generic/oberdiek/ltxcmds.sty
Package: ltxcmds 2016/05/16 v1.23 LaTeX kernel commands for general use (HO)
)
\Gread@gobject=\count114
))
\Gin@req@height=\dimen103
\Gin@req@width=\dimen104
)
(/usr/local/texlive/2016/texmf-dist/tex/generic/babel/babel.sty
Package: babel 2016/04/23 3.9r The Babel package

(/usr/local/texlive/2016/texmf-dist/tex/generic/babel-german/ngerman.ldf
Language: ngerman 2013/12/13 v2.7 German support for babel (new orthography)

(/usr/local/texlive/2016/texmf-dist/tex/generic/babel-german/ngermanb.ldf
Language: ngermanb 2013/12/13 v2.7 German support for babel (new orthography)

(/usr/local/texlive/2016/texmf-dist/tex/generic/babel/babel.def
File: babel.def 2016/04/23 3.9r Babel common definitions
\babel@savecnt=\count115
\U@D=\dimen105
)
\l@naustrian = a dialect from \language\l@ngerman 
\l@nswissgerman = a dialect from \language\l@ngerman 
Package babel Info: Making " an active character on input line 88.
)))
(/usr/local/texlive/2016/texmf-dist/tex/latex/base/fontenc.sty
Package: fontenc 2005/09/27 v1.99g Standard LaTeX package

(/usr/local/texlive/2016/texmf-dist/tex/latex/base/t1enc.def
File: t1enc.def 2005/09/27 v1.99g Standard LaTeX file
LaTeX Font Info:    Redeclaring font encoding T1 on input line 48.
))
(/usr/local/texlive/2016/texmf-dist/tex/latex/base/inputenc.sty
Package: inputenc 2015/03/17 v1.2c Input encoding file
\inpenc@prehook=\toks15
\inpenc@posthook=\toks16

(/usr/local/texlive/2016/texmf-dist/tex/latex/ucs/utf8x.def
File: utf8x.def 2004/10/17 UCS: Input encoding UTF-8
))
(/usr/local/texlive/2016/texmf-dist/tex/latex/ucs/ucs.sty
Package: ucs 2013/05/11 v2.2 UCS: Unicode input support

(/usr/local/texlive/2016/texmf-dist/tex/latex/ucs/data/uni-global.def
File: uni-global.def 2013/05/13 UCS: Unicode global data
)
\uc@secondtry=\count116
\uc@combtoks=\toks17
\uc@combtoksb=\toks18
\uc@temptokena=\toks19
)
(/usr/local/texlive/2016/texmf-dist/tex/latex/url/url.sty
\Urlmuskip=\muskip10
Package: url 2013/09/16  ver 3.4  Verb mode for urls, etc.
)
(/usr/local/texlive/2016/texmf-dist/tex/latex/booktabs/booktabs.sty
Package: booktabs 2016/04/27 v1.618033 publication quality tables
\heavyrulewidth=\dimen106
\lightrulewidth=\dimen107
\cmidrulewidth=\dimen108
\belowrulesep=\dimen109
\belowbottomsep=\dimen110
\aboverulesep=\dimen111
\abovetopsep=\dimen112
\cmidrulesep=\dimen113
\cmidrulekern=\dimen114
\defaultaddspace=\dimen115
\@cmidla=\count117
\@cmidlb=\count118
\@aboverulesep=\dimen116
\@belowrulesep=\dimen117
\@thisruleclass=\count119
\@lastruleclass=\count120
\@thisrulewidth=\dimen118
)
(/usr/local/texlive/2016/texmf-dist/tex/latex/geometry/geometry.sty
Package: geometry 2010/09/12 v5.6 Page Geometry

(/usr/local/texlive/2016/texmf-dist/tex/generic/oberdiek/ifpdf.sty
Package: ifpdf 2016/05/14 v3.1 Provides the ifpdf switch
)
(/usr/local/texlive/2016/texmf-dist/tex/generic/oberdiek/ifvtex.sty
Package: ifvtex 2016/05/16 v1.6 Detect VTeX and its facilities (HO)
Package ifvtex Info: VTeX not detected.
)
(/usr/local/texlive/2016/texmf-dist/tex/generic/ifxetex/ifxetex.sty
Package: ifxetex 2010/09/12 v0.6 Provides ifxetex conditional
)
\Gm@cnth=\count121
\Gm@cntv=\count122
\c@Gm@tempcnt=\count123
\Gm@bindingoffset=\dimen119
\Gm@wd@mp=\dimen120
\Gm@odd@mp=\dimen121
\Gm@even@mp=\dimen122
\Gm@layoutwidth=\dimen123
\Gm@layoutheight=\dimen124
\Gm@layouthoffset=\dimen125
\Gm@layoutvoffset=\dimen126
\Gm@dimlist=\toks20
)
(/usr/local/texlive/2016/texmf-dist/tex/latex/eurosym/eurosym.sty
Package: eurosym 1998/08/06 v1.1 European currency symbol ``Euro''
\@eurobox=\box30
)
(/usr/local/texlive/2016/texmf-dist/tex/latex/multirow/multirow.sty
\bigstrutjot=\dimen127
)
(/usr/local/texlive/2016/texmf-dist/tex/latex/tools/varioref.sty
Package: varioref 2016/02/16 v1.5c package for extended references (FMi)
\c@vrcnt=\count124
)
(/usr/local/texlive/2016/texmf-dist/tex/latex/paralist/paralist.sty
Package: paralist 2015/12/30 v2.5 Extended list environments
\pltopsep=\skip57
\plpartopsep=\skip58
\plitemsep=\skip59
\plparsep=\skip60
\pl@lab=\toks21
)
(/usr/local/texlive/2016/texmf-dist/tex/latex/pdfpages/pdfpages.sty
Package: pdfpages 2016/04/19 v0.5f Insert pages of external PDF documents (AM)

(/usr/local/texlive/2016/texmf-dist/tex/latex/base/ifthen.sty
Package: ifthen 2014/09/29 v1.1c Standard LaTeX ifthen package (DPC)
)
(/usr/local/texlive/2016/texmf-dist/tex/latex/tools/calc.sty
Package: calc 2014/10/28 v4.3 Infix arithmetic (KKT,FJ)
\calc@Acount=\count125
\calc@Bcount=\count126
\calc@Adimen=\dimen128
\calc@Bdimen=\dimen129
\calc@Askip=\skip61
\calc@Bskip=\skip62
LaTeX Info: Redefining \setlength on input line 80.
LaTeX Info: Redefining \addtolength on input line 81.
\calc@Ccount=\count127
\calc@Cskip=\skip63
)
(/usr/local/texlive/2016/texmf-dist/tex/latex/eso-pic/eso-pic.sty
Package: eso-pic 2015/07/21 v2.0g eso-pic (RN)

(/usr/local/texlive/2016/texmf-dist/tex/generic/oberdiek/atbegshi.sty
Package: atbegshi 2016/05/16 v1.17 At begin shipout hook (HO)
)
(/usr/local/texlive/2016/texmf-dist/tex/latex/xcolor/xcolor.sty
Package: xcolor 2016/05/11 v2.12 LaTeX color extensions (UK)

(/usr/local/texlive/2016/texmf-dist/tex/latex/graphics-cfg/color.cfg
File: color.cfg 2016/01/02 v1.6 sample color configuration
)
Package xcolor Info: Driver file: pdftex.def on input line 225.
Package xcolor Info: Model `cmy' substituted by `cmy0' on input line 1348.
Package xcolor Info: Model `hsb' substituted by `rgb' on input line 1352.
Package xcolor Info: Model `RGB' extended on input line 1364.
Package xcolor Info: Model `HTML' substituted by `rgb' on input line 1366.
Package xcolor Info: Model `Hsb' substituted by `hsb' on input line 1367.
Package xcolor Info: Model `tHsb' substituted by `hsb' on input line 1368.
Package xcolor Info: Model `HSB' substituted by `hsb' on input line 1369.
Package xcolor Info: Model `Gray' substituted by `gray' on input line 1370.
Package xcolor Info: Model `wave' substituted by `hsb' on input line 1371.
))
\AM@pagewidth=\dimen130
\AM@pageheight=\dimen131

(/usr/local/texlive/2016/texmf-dist/tex/latex/pdfpages/pppdftex.def
File: pppdftex.def 2016/04/19 v0.5f Pdfpages driver for pdfTeX (AM)
)
\AM@pagebox=\box31
\AM@global@opts=\toks22
\AM@toc@title=\toks23
\c@AM@survey=\count128
\AM@templatesizebox=\box32
)
(/usr/local/texlive/2016/texmf-dist/tex/latex/graphics/lscape.sty
Package: lscape 2000/10/22 v3.01 Landscape Pages (DPC)
)
(/usr/local/texlive/2016/texmf-dist/tex/latex/float/float.sty
Package: float 2001/11/08 v1.3d Float enhancements (AL)
\c@float@type=\count129
\float@exts=\toks24
\float@box=\box33
\@float@everytoks=\toks25
\@floatcapt=\box34
)
(/usr/local/texlive/2016/texmf-dist/tex/latex/acronym/acronym.sty
Package: acronym 2015/03/21 v1.41 Support for acronyms (Tobias Oetiker)

(/usr/local/texlive/2016/texmf-dist/tex/latex/bigfoot/suffix.sty
Package: suffix 2006/07/15 1.5a Variant command support
)
(/usr/local/texlive/2016/texmf-dist/tex/generic/xstring/xstring.sty
(/usr/local/texlive/2016/texmf-dist/tex/generic/xstring/xstring.tex
\@xs@message=\write3
\integerpart=\count130
\decimalpart=\count131
)
Package: xstring 2013/10/13  v1.7c  String manipulations (C Tellechea)
)
\AC@clearlist=\toks26
)
(/usr/local/texlive/2016/texmf-dist/tex/latex/csquotes/csquotes.sty
Package: csquotes 2016/01/31 v5.1g context-sensitive quotations (JAW)

(/usr/local/texlive/2016/texmf-dist/tex/latex/etoolbox/etoolbox.sty
Package: etoolbox 2015/08/02 v2.2a e-TeX tools for LaTeX (JAW)
\etb@tempcnta=\count132
)
\csq@reset=\count133
\csq@gtype=\count134
\csq@glevel=\count135
\csq@qlevel=\count136
\csq@maxlvl=\count137
\csq@tshold=\count138
\csq@ltx@everypar=\toks27

(/usr/local/texlive/2016/texmf-dist/tex/latex/csquotes/csquotes.def
File: csquotes.def 2016/01/31 v5.1g csquotes generic definitions (JAW)
)
Package csquotes Info: Trying to load configuration file 'csquotes.cfg'...
Package csquotes Info: ... configuration file loaded successfully.

(/usr/local/texlive/2016/texmf-dist/tex/latex/csquotes/csquotes.cfg
File: csquotes.cfg 
)
Package csquotes Info: Option 'babel' depreciated.
(csquotes)             Using 'autostyle'.
Package csquotes Info: Enabling multilingual quotes.
)
(/usr/local/texlive/2016/texmf-dist/tex/latex/tools/longtable.sty
Package: longtable 2014/10/28 v4.11 Multi-page Table package (DPC)
\LTleft=\skip64
\LTright=\skip65
\LTpre=\skip66
\LTpost=\skip67
\LTchunksize=\count139
\LTcapwidth=\dimen132
\LT@head=\box35
\LT@firsthead=\box36
\LT@foot=\box37
\LT@lastfoot=\box38
\LT@cols=\count140
\LT@rows=\count141
\c@LT@tables=\count142
\c@LT@chunks=\count143
\LT@p@ftn=\toks28
)
Class scrartcl Info: longtable captions redefined on input line 36.

(/usr/local/texlive/2016/texmf-dist/tex/latex/psnfss/mathpazo.sty
Package: mathpazo 2005/04/12 PSNFSS-v9.2a Palatino w/ Pazo Math (D.Puga, WaS) 
\symupright=\mathgroup4
)
(/usr/local/texlive/2016/texmf-dist/tex/generic/ulem/ulem.sty
\UL@box=\box39
\UL@hyphenbox=\box40
\UL@skip=\skip68
\UL@hook=\toks29
\UL@height=\dimen133
\UL@pe=\count144
\UL@pixel=\dimen134
\ULC@box=\box41
Package: ulem 2012/05/18
\ULdepth=\dimen135
)
(/usr/local/texlive/2016/texmf-dist/tex/latex/footmisc/footmisc.sty
Package: footmisc 2011/06/06 v5.5b a miscellany of footnote facilities
\FN@temptoken=\toks30
\footnotemargin=\dimen136
\c@pp@next@reset=\count145
Package footmisc Info: Declaring symbol style bringhurst on input line 855.
Package footmisc Info: Declaring symbol style chicago on input line 863.
Package footmisc Info: Declaring symbol style wiley on input line 872.
Package footmisc Info: Declaring symbol style lamport-robust on input line 883.

Package footmisc Info: Declaring symbol style lamport* on input line 903.
Package footmisc Info: Declaring symbol style lamport*-robust on input line 924
.
)
(/usr/local/texlive/2016/texmf-dist/tex/latex/listings/listings.sty
\lst@mode=\count146
\lst@gtempboxa=\box42
\lst@token=\toks31
\lst@length=\count147
\lst@currlwidth=\dimen137
\lst@column=\count148
\lst@pos=\count149
\lst@lostspace=\dimen138
\lst@width=\dimen139
\lst@newlines=\count150
\lst@lineno=\count151
\lst@maxwidth=\dimen140

(/usr/local/texlive/2016/texmf-dist/tex/latex/listings/lstmisc.sty
File: lstmisc.sty 2015/06/04 1.6 (Carsten Heinz)
\c@lstnumber=\count152
\lst@skipnumbers=\count153
\lst@framebox=\box43
)
(/usr/local/texlive/2016/texmf-dist/tex/latex/listings/listings.cfg
File: listings.cfg 2015/06/04 1.6 listings configuration
))
Package: listings 2015/06/04 1.6 (Carsten Heinz)

(/usr/local/texlive/2016/texmf-dist/tex/latex/amsmath/amsmath.sty
Package: amsmath 2016/03/10 v2.15b AMS math features
\@mathmargin=\skip69

For additional information on amsmath, use the `?' option.
(/usr/local/texlive/2016/texmf-dist/tex/latex/amsmath/amstext.sty
Package: amstext 2000/06/29 v2.01 AMS text

(/usr/local/texlive/2016/texmf-dist/tex/latex/amsmath/amsgen.sty
File: amsgen.sty 1999/11/30 v2.0 generic functions
\@emptytoks=\toks32
\ex@=\dimen141
))
(/usr/local/texlive/2016/texmf-dist/tex/latex/amsmath/amsbsy.sty
Package: amsbsy 1999/11/29 v1.2d Bold Symbols
\pmbraise@=\dimen142
)
(/usr/local/texlive/2016/texmf-dist/tex/latex/amsmath/amsopn.sty
Package: amsopn 2016/03/08 v2.02 operator names
)
\inf@bad=\count154
LaTeX Info: Redefining \frac on input line 199.
\uproot@=\count155
\leftroot@=\count156
LaTeX Info: Redefining \overline on input line 297.
\classnum@=\count157
\DOTSCASE@=\count158
LaTeX Info: Redefining \ldots on input line 394.
LaTeX Info: Redefining \dots on input line 397.
LaTeX Info: Redefining \cdots on input line 518.
\Mathstrutbox@=\box44
\strutbox@=\box45
\big@size=\dimen143
LaTeX Font Info:    Redeclaring font encoding OML on input line 634.
LaTeX Font Info:    Redeclaring font encoding OMS on input line 635.
\macc@depth=\count159
\c@MaxMatrixCols=\count160
\dotsspace@=\muskip11
\c@parentequation=\count161
\dspbrk@lvl=\count162
\tag@help=\toks33
\row@=\count163
\column@=\count164
\maxfields@=\count165
\andhelp@=\toks34
\eqnshift@=\dimen144
\alignsep@=\dimen145
\tagshift@=\dimen146
\tagwidth@=\dimen147
\totwidth@=\dimen148
\lineht@=\dimen149
\@envbody=\toks35
\multlinegap=\skip70
\multlinetaggap=\skip71
\mathdisplay@stack=\toks36
LaTeX Info: Redefining \[ on input line 2739.
LaTeX Info: Redefining \] on input line 2740.
)
(/usr/local/texlive/2016/texmf-dist/tex/latex/sectsty/sectsty.sty
Package: sectsty 2002/02/25 v2.0.2 Commands to change all sectional heading sty
les
)

Class scrartcl Warning: Usage of package `fancyhdr' together
(scrartcl)              with a KOMA-Script class is not recommended.
(scrartcl)              I'd suggest to use 
(scrartcl)              package `scrlayer-scrpage'.
(scrartcl)              Nevertheless, using requested
(scrartcl)              package `fancyhdr' on input line 58.

(/usr/local/texlive/2016/texmf-dist/tex/latex/fancyhdr/fancyhdr.sty
\fancy@headwidth=\skip72
\f@ncyO@elh=\skip73
\f@ncyO@erh=\skip74
\f@ncyO@olh=\skip75
\f@ncyO@orh=\skip76
\f@ncyO@elf=\skip77
\f@ncyO@erf=\skip78
\f@ncyO@olf=\skip79
\f@ncyO@orf=\skip80
)
(/usr/local/texlive/2016/texmf-dist/tex/latex/hyperref/hyperref.sty
Package: hyperref 2016/05/05 v6.83n Hypertext links for LaTeX

(/usr/local/texlive/2016/texmf-dist/tex/generic/oberdiek/hobsub-hyperref.sty
Package: hobsub-hyperref 2016/05/16 v1.14 Bundle oberdiek, subset hyperref (HO)


(/usr/local/texlive/2016/texmf-dist/tex/generic/oberdiek/hobsub-generic.sty
Package: hobsub-generic 2016/05/16 v1.14 Bundle oberdiek, subset generic (HO)
Package: hobsub 2016/05/16 v1.14 Construct package bundles (HO)
Package hobsub Info: Skipping package `infwarerr' (already loaded).
Package hobsub Info: Skipping package `ltxcmds' (already loaded).
Package: ifluatex 2016/05/16 v1.4 Provides the ifluatex switch (HO)
Package ifluatex Info: LuaTeX not detected.
Package hobsub Info: Skipping package `ifvtex' (already loaded).
Package: intcalc 2016/05/16 v1.2 Expandable calculations with integers (HO)
Package hobsub Info: Skipping package `ifpdf' (already loaded).
Package: etexcmds 2016/05/16 v1.6 Avoid name clashes with e-TeX commands (HO)
Package etexcmds Info: Could not find \expanded.
(etexcmds)             That can mean that you are not using pdfTeX 1.50 or
(etexcmds)             that some package has redefined \expanded.
(etexcmds)             In the latter case, load this package earlier.
Package: kvsetkeys 2016/05/16 v1.17 Key value parser (HO)
Package: kvdefinekeys 2016/05/16 v1.4 Define keys (HO)
Package: pdftexcmds 2016/05/10 v0.21 Utility functions of pdfTeX for LuaTeX (HO
)
Package pdftexcmds Info: LuaTeX not detected.
Package pdftexcmds Info: \pdf@primitive is available.
Package pdftexcmds Info: \pdf@ifprimitive is available.
Package pdftexcmds Info: \pdfdraftmode found.
Package: pdfescape 2016/05/16 v1.14 Implements pdfTeX's escape features (HO)
Package: bigintcalc 2016/05/16 v1.4 Expandable calculations on big integers (HO
)
Package: bitset 2016/05/16 v1.2 Handle bit-vector datatype (HO)
Package: uniquecounter 2016/05/16 v1.3 Provide unlimited unique counter (HO)
)
Package hobsub Info: Skipping package `hobsub' (already loaded).
Package: letltxmacro 2016/05/16 v1.5 Let assignment for LaTeX macros (HO)
Package: hopatch 2016/05/16 v1.3 Wrapper for package hooks (HO)
Package: xcolor-patch 2016/05/16 xcolor patch
Package: atveryend 2016/05/16 v1.9 Hooks at the very end of document (HO)
Package hobsub Info: Skipping package `atbegshi' (already loaded).
Package: refcount 2016/05/16 v3.5 Data extraction from label references (HO)
Package: hycolor 2016/05/16 v1.8 Color options for hyperref/bookmark (HO)
)
(/usr/local/texlive/2016/texmf-dist/tex/latex/oberdiek/auxhook.sty
Package: auxhook 2016/05/16 v1.4 Hooks for auxiliary files (HO)
)
(/usr/local/texlive/2016/texmf-dist/tex/latex/oberdiek/kvoptions.sty
Package: kvoptions 2016/05/16 v3.12 Key value format for package options (HO)
)
\@linkdim=\dimen150
\Hy@linkcounter=\count166
\Hy@pagecounter=\count167

(/usr/local/texlive/2016/texmf-dist/tex/latex/hyperref/pd1enc.def
File: pd1enc.def 2016/05/05 v6.83n Hyperref: PDFDocEncoding definition (HO)
)
\Hy@SavedSpaceFactor=\count168

(/usr/local/texlive/2016/texmf-dist/tex/latex/latexconfig/hyperref.cfg
File: hyperref.cfg 2002/06/06 v1.2 hyperref configuration of TeXLive
)
Package hyperref Info: Option `final' set `true' on input line 4322.
Package hyperref Info: Option `colorlinks' set `true' on input line 4322.
Package hyperref Info: Option `breaklinks' set `true' on input line 4322.
Package hyperref Info: Hyper figures OFF on input line 4446.
Package hyperref Info: Link nesting OFF on input line 4451.
Package hyperref Info: Hyper index ON on input line 4454.
Package hyperref Info: Plain pages OFF on input line 4461.
Package hyperref Info: Backreferencing OFF on input line 4466.
Package hyperref Info: Implicit mode ON; LaTeX internals redefined.
Package hyperref Info: Bookmarks ON on input line 4691.
\c@Hy@tempcnt=\count169
LaTeX Info: Redefining \url on input line 5044.
\XeTeXLinkMargin=\dimen151
\Fld@menulength=\count170
\Field@Width=\dimen152
\Fld@charsize=\dimen153
Package hyperref Info: Hyper figures OFF on input line 6298.
Package hyperref Info: Link nesting OFF on input line 6303.
Package hyperref Info: Hyper index ON on input line 6306.
Package hyperref Info: backreferencing OFF on input line 6313.
Package hyperref Info: Link coloring ON on input line 6316.
Package hyperref Info: Link coloring with OCG OFF on input line 6323.
Package hyperref Info: PDF/A mode OFF on input line 6328.
LaTeX Info: Redefining \ref on input line 6368.
LaTeX Info: Redefining \pageref on input line 6372.
\Hy@abspage=\count171
\c@Item=\count172
\c@Hfootnote=\count173
)

Package hyperref Message: Driver (autodetected): hpdftex.

(/usr/local/texlive/2016/texmf-dist/tex/latex/hyperref/hpdftex.def
File: hpdftex.def 2016/05/05 v6.83n Hyperref driver for pdfTeX
\Fld@listcount=\count174
\c@bookmark@seq@number=\count175

(/usr/local/texlive/2016/texmf-dist/tex/latex/oberdiek/rerunfilecheck.sty
Package: rerunfilecheck 2016/05/16 v1.8 Rerun checks for auxiliary files (HO)
Package uniquecounter Info: New unique counter `rerunfilecheck' on input line 2
82.
)
\Hy@SectionHShift=\skip81
)
Package csquotes Info: Checking for multilingual support...
Package csquotes Info: ... found 'babel' package.

(./master.aux)
\openout1 = `master.aux'.

LaTeX Font Info:    Checking defaults for OML/cmm/m/it on input line 82.
LaTeX Font Info:    ... okay on input line 82.
LaTeX Font Info:    Checking defaults for T1/cmr/m/n on input line 82.
LaTeX Font Info:    ... okay on input line 82.
LaTeX Font Info:    Checking defaults for OT1/cmr/m/n on input line 82.
LaTeX Font Info:    ... okay on input line 82.
LaTeX Font Info:    Checking defaults for OMS/cmsy/m/n on input line 82.
LaTeX Font Info:    ... okay on input line 82.
LaTeX Font Info:    Checking defaults for OMX/cmex/m/n on input line 82.
LaTeX Font Info:    ... okay on input line 82.
LaTeX Font Info:    Checking defaults for U/cmr/m/n on input line 82.
LaTeX Font Info:    ... okay on input line 82.
LaTeX Font Info:    Checking defaults for PD1/pdf/m/n on input line 82.
LaTeX Font Info:    ... okay on input line 82.
LaTeX Font Info:    Try loading font information for T1+ppl on input line 82.
 (/usr/local/texlive/2016/texmf-dist/tex/latex/psnfss/t1ppl.fd
File: t1ppl.fd 2001/06/04 font definitions for T1/ppl.
)
(/usr/local/texlive/2016/texmf-dist/tex/context/base/mkii/supp-pdf.mkii
[Loading MPS to PDF converter (version 2006.09.02).]
\scratchcounter=\count176
\scratchdimen=\dimen154
\scratchbox=\box46
\nofMPsegments=\count177
\nofMParguments=\count178
\everyMPshowfont=\toks37
\MPscratchCnt=\count179
\MPscratchDim=\dimen155
\MPnumerator=\count180
\makeMPintoPDFobject=\count181
\everyMPtoPDFconversion=\toks38
) (/usr/local/texlive/2016/texmf-dist/tex/latex/oberdiek/epstopdf-base.sty
Package: epstopdf-base 2016/05/15 v2.6 Base part for package epstopdf

(/usr/local/texlive/2016/texmf-dist/tex/latex/oberdiek/grfext.sty
Package: grfext 2016/05/16 v1.2 Manage graphics extensions (HO)
)
Package grfext Info: Graphics extension search list:
(grfext)             [.png,.pdf,.jpg,.mps,.jpeg,.jbig2,.jb2,.PNG,.PDF,.JPG,.JPE
G,.JBIG2,.JB2,.eps]
(grfext)             \AppendGraphicsExtensions on input line 456.

(/usr/local/texlive/2016/texmf-dist/tex/latex/latexconfig/epstopdf-sys.cfg
File: epstopdf-sys.cfg 2010/07/13 v1.3 Configuration of (r)epstopdf for TeX Liv
e
))
(/usr/local/texlive/2016/texmf-dist/tex/latex/ucs/ucsencs.def
File: ucsencs.def 2011/01/21 Fixes to fontencodings LGR, T3
)
*geometry* driver: auto-detecting
*geometry* detected driver: pdftex
*geometry* verbose mode - [ preamble ] result:
* driver: pdftex
* paper: a4paper
* layout: <same size as paper>
* layoutoffset:(h,v)=(0.0pt,0.0pt)
* modes: includehead includefoot 
* h-part:(L,W,R)=(68.28644pt, 460.935pt, 68.28644pt)
* v-part:(T,H,B)=(65.44142pt, 722.69992pt, 56.9055pt)
* \paperwidth=597.50787pt
* \paperheight=845.04684pt
* \textwidth=460.935pt
* \textheight=637.6999pt
* \oddsidemargin=-3.98355pt
* \evensidemargin=-3.98355pt
* \topmargin=-6.82857pt
* \headheight=17.0pt
* \headsep=20.40001pt
* \topskip=11.0pt
* \footskip=47.6pt
* \marginparwidth=59.7508pt
* \marginparsep=12.8401pt
* \columnsep=10.0pt
* \skip\footins=10.0pt plus 4.0pt minus 2.0pt
* \hoffset=0.0pt
* \voffset=0.0pt
* \mag=1000
* \@twocolumnfalse
* \@twosidefalse
* \@mparswitchfalse
* \@reversemarginfalse
* (1in=72.27pt=25.4mm, 1cm=28.453pt)

\AtBeginShipoutBox=\box47
(/usr/local/texlive/2016/texmf-dist/tex/latex/oberdiek/pdflscape.sty
Package: pdflscape 2016/05/14 v0.11 Display of landscape pages in PDF (HO)
Package pdflscape Info: Auto-detected driver: pdftex on input line 81.
)
\c@lstlisting=\count182
Package hyperref Info: Link coloring ON on input line 82.

(/usr/local/texlive/2016/texmf-dist/tex/latex/hyperref/nameref.sty
Package: nameref 2012/10/27 v2.43 Cross-referencing by name of section

(/usr/local/texlive/2016/texmf-dist/tex/generic/oberdiek/gettitlestring.sty
Package: gettitlestring 2016/05/16 v1.5 Cleanup title references (HO)
)
\c@section@level=\count183
LaTeX Info: Redefining \Ref on input line 513.
)
LaTeX Info: Redefining \ref on input line 82.
LaTeX Info: Redefining \pageref on input line 82.
LaTeX Info: Redefining \nameref on input line 82.

(./master.out) (./master.out)
\@outlinefile=\write4
\openout4 = `master.out'.

LaTeX Info: Redefining \Ref on input line 82.
LaTeX Font Info:    Try loading font information for T1+cmss on input line 85.

(/usr/local/texlive/2016/texmf-dist/tex/latex/base/t1cmss.fd
File: t1cmss.fd 2014/09/29 v2.5h Standard LaTeX font definitions
)
(/usr/local/texlive/2016/texmf-dist/tex/latex/ucs/data/uni-0.def
File: uni-0.def 2013/05/13 UCS: Unicode data U+0000..U+00FF
)
LaTeX Font Info:    Try loading font information for OT1+ppl on input line 85.

(/usr/local/texlive/2016/texmf-dist/tex/latex/psnfss/ot1ppl.fd
File: ot1ppl.fd 2001/06/04 font definitions for OT1/ppl.
)
LaTeX Font Info:    Try loading font information for OML+zplm on input line 85.


(/usr/local/texlive/2016/texmf-dist/tex/latex/psnfss/omlzplm.fd
File: omlzplm.fd 2002/09/08 Fontinst v1.914 font definitions for OML/zplm.
)
LaTeX Font Info:    Try loading font information for OMS+zplm on input line 85.


(/usr/local/texlive/2016/texmf-dist/tex/latex/psnfss/omszplm.fd
File: omszplm.fd 2002/09/08 Fontinst v1.914 font definitions for OMS/zplm.
)
LaTeX Font Info:    Try loading font information for OMX+zplm on input line 85.


(/usr/local/texlive/2016/texmf-dist/tex/latex/psnfss/omxzplm.fd
File: omxzplm.fd 2002/09/08 Fontinst v1.914 font definitions for OMX/zplm.
)
LaTeX Font Info:    Try loading font information for OT1+zplm on input line 85.


(/usr/local/texlive/2016/texmf-dist/tex/latex/psnfss/ot1zplm.fd
File: ot1zplm.fd 2002/09/08 Fontinst v1.914 font definitions for OT1/zplm.
)

Package hyperref Warning: Suppressing empty link on input line 150.


Package Fancyhdr Warning: \headheight is too small (17.0pt): 
 Make it at least 25.60228pt.
 We now make it that large for the rest of the document.
 This may cause the page layout to be inconsistent, however.

Package babel Info: Redefining ngerman shorthand "|
(babel)             in language  on input line 150.
Package babel Info: Redefining ngerman shorthand "~
(babel)             in language  on input line 150.
Package babel Info: Redefining ngerman shorthand "|
(babel)             in language  on input line 150.
Package babel Info: Redefining ngerman shorthand "~
(babel)             in language  on input line 150.
[1{/usr/local/texlive/2016/texmf-var/fonts/map/pdftex/updmap/pdftex.map}


]

Class scrartcl Warning: incompatible usage of \@ssect detected.
(scrartcl)              You've used the KOMA-Script implementation of \@ssect
(scrartcl)              from within a non compatible caller, that does not
(scrartcl)              \scr@s@ct@@nn@m@ locally.
(scrartcl)              This could result in several error messages on input li
ne 202.


Package hyperref Warning: Suppressing empty link on input line 214.


Package Fancyhdr Warning: \headheight is too small (17.0pt): 
 Make it at least 25.60228pt.
 We now make it that large for the rest of the document.
 This may cause the page layout to be inconsistent, however.

Package babel Info: Redefining ngerman shorthand "|
(babel)             in language  on input line 214.
Package babel Info: Redefining ngerman shorthand "~
(babel)             in language  on input line 214.
Package babel Info: Redefining ngerman shorthand "|
(babel)             in language  on input line 214.
Package babel Info: Redefining ngerman shorthand "~
(babel)             in language  on input line 214.
[2]

Package hyperref Warning: Suppressing empty link on input line 272.


Package Fancyhdr Warning: \headheight is too small (17.0pt): 
 Make it at least 25.60228pt.
 We now make it that large for the rest of the document.
 This may cause the page layout to be inconsistent, however.

Package babel Info: Redefining ngerman shorthand "|
(babel)             in language  on input line 272.
Package babel Info: Redefining ngerman shorthand "~
(babel)             in language  on input line 272.
Package babel Info: Redefining ngerman shorthand "|
(babel)             in language  on input line 272.
Package babel Info: Redefining ngerman shorthand "~
(babel)             in language  on input line 272.
[3]

Package hyperref Warning: Suppressing empty link on input line 349.


Package Fancyhdr Warning: \headheight is too small (17.0pt): 
 Make it at least 25.60228pt.
 We now make it that large for the rest of the document.
 This may cause the page layout to be inconsistent, however.

Package babel Info: Redefining ngerman shorthand "|
(babel)             in language  on input line 349.
Package babel Info: Redefining ngerman shorthand "~
(babel)             in language  on input line 349.
Package babel Info: Redefining ngerman shorthand "|
(babel)             in language  on input line 349.
Package babel Info: Redefining ngerman shorthand "~
(babel)             in language  on input line 349.
[4]

Class scrartcl Warning: incompatible usage of \@ssect detected.
(scrartcl)              You've used the KOMA-Script implementation of \@ssect
(scrartcl)              from within a non compatible caller, that does not
(scrartcl)              \scr@s@ct@@nn@m@ locally.
(scrartcl)              This could result in several error messages on input li
ne 351.


Package hyperref Warning: Suppressing empty link on input line 412.


Package Fancyhdr Warning: \headheight is too small (17.0pt): 
 Make it at least 25.60228pt.
 We now make it that large for the rest of the document.
 This may cause the page layout to be inconsistent, however.

Package babel Info: Redefining ngerman shorthand "|
(babel)             in language  on input line 412.
Package babel Info: Redefining ngerman shorthand "~
(babel)             in language  on input line 412.
Package babel Info: Redefining ngerman shorthand "|
(babel)             in language  on input line 412.
Package babel Info: Redefining ngerman shorthand "~
(babel)             in language  on input line 412.
[5]
Overfull \hbox (5.76271pt too wide) in paragraph at lines 478--482
\T1/ppl/m/n/10.95 His-to-rio-gra-phie, zwi-schen Tech-nik und Kul-tur ver-mit-t
elt, stellt die Gutenberg-Galaxis
 []


Overfull \hbox (8.27467pt too wide) in paragraph at lines 478--482
\T1/ppl/m/n/10.95 no-mi-sche An-sprü-che gel-tend zu ma-chen. Das liest sich da
nn wie folgt: ^^M  Die Gutenberg-
 []


Package hyperref Warning: Suppressing empty link on input line 482.


Package Fancyhdr Warning: \headheight is too small (17.0pt): 
 Make it at least 25.60228pt.
 We now make it that large for the rest of the document.
 This may cause the page layout to be inconsistent, however.

Package babel Info: Redefining ngerman shorthand "|
(babel)             in language  on input line 482.
Package babel Info: Redefining ngerman shorthand "~
(babel)             in language  on input line 482.
Package babel Info: Redefining ngerman shorthand "|
(babel)             in language  on input line 482.
Package babel Info: Redefining ngerman shorthand "~
(babel)             in language  on input line 482.
[6]

Package hyperref Warning: Suppressing empty link on input line 549.


Package Fancyhdr Warning: \headheight is too small (17.0pt): 
 Make it at least 25.60228pt.
 We now make it that large for the rest of the document.
 This may cause the page layout to be inconsistent, however.

Package babel Info: Redefining ngerman shorthand "|
(babel)             in language  on input line 549.
Package babel Info: Redefining ngerman shorthand "~
(babel)             in language  on input line 549.
Package babel Info: Redefining ngerman shorthand "|
(babel)             in language  on input line 549.
Package babel Info: Redefining ngerman shorthand "~
(babel)             in language  on input line 549.
[7]

Package hyperref Warning: Suppressing empty link on input line 618.


Package Fancyhdr Warning: \headheight is too small (17.0pt): 
 Make it at least 25.60228pt.
 We now make it that large for the rest of the document.
 This may cause the page layout to be inconsistent, however.

Package babel Info: Redefining ngerman shorthand "|
(babel)             in language  on input line 618.
Package babel Info: Redefining ngerman shorthand "~
(babel)             in language  on input line 618.
Package babel Info: Redefining ngerman shorthand "|
(babel)             in language  on input line 618.
Package babel Info: Redefining ngerman shorthand "~
(babel)             in language  on input line 618.
[8]

Package hyperref Warning: Suppressing empty link on input line 690.


Package Fancyhdr Warning: \headheight is too small (17.0pt): 
 Make it at least 25.60228pt.
 We now make it that large for the rest of the document.
 This may cause the page layout to be inconsistent, however.

Package babel Info: Redefining ngerman shorthand "|
(babel)             in language  on input line 690.
Package babel Info: Redefining ngerman shorthand "~
(babel)             in language  on input line 690.
Package babel Info: Redefining ngerman shorthand "|
(babel)             in language  on input line 690.
Package babel Info: Redefining ngerman shorthand "~
(babel)             in language  on input line 690.
[9]

Package hyperref Warning: Suppressing empty link on input line 746.


Package Fancyhdr Warning: \headheight is too small (17.0pt): 
 Make it at least 25.60228pt.
 We now make it that large for the rest of the document.
 This may cause the page layout to be inconsistent, however.

Package babel Info: Redefining ngerman shorthand "|
(babel)             in language  on input line 746.
Package babel Info: Redefining ngerman shorthand "~
(babel)             in language  on input line 746.
Package babel Info: Redefining ngerman shorthand "|
(babel)             in language  on input line 746.
Package babel Info: Redefining ngerman shorthand "~
(babel)             in language  on input line 746.
[10]

Class scrartcl Warning: incompatible usage of \@ssect detected.
(scrartcl)              You've used the KOMA-Script implementation of \@ssect
(scrartcl)              from within a non compatible caller, that does not
(scrartcl)              \scr@s@ct@@nn@m@ locally.
(scrartcl)              This could result in several error messages on input li
ne 747.


Package hyperref Warning: Suppressing empty link on input line 823.


Package Fancyhdr Warning: \headheight is too small (17.0pt): 
 Make it at least 25.60228pt.
 We now make it that large for the rest of the document.
 This may cause the page layout to be inconsistent, however.

Package babel Info: Redefining ngerman shorthand "|
(babel)             in language  on input line 823.
Package babel Info: Redefining ngerman shorthand "~
(babel)             in language  on input line 823.
Package babel Info: Redefining ngerman shorthand "|
(babel)             in language  on input line 823.
Package babel Info: Redefining ngerman shorthand "~
(babel)             in language  on input line 823.
[11]

Package hyperref Warning: Suppressing empty link on input line 900.


Package Fancyhdr Warning: \headheight is too small (17.0pt): 
 Make it at least 25.60228pt.
 We now make it that large for the rest of the document.
 This may cause the page layout to be inconsistent, however.

Package babel Info: Redefining ngerman shorthand "|
(babel)             in language  on input line 900.
Package babel Info: Redefining ngerman shorthand "~
(babel)             in language  on input line 900.
Package babel Info: Redefining ngerman shorthand "|
(babel)             in language  on input line 900.
Package babel Info: Redefining ngerman shorthand "~
(babel)             in language  on input line 900.
[12]

Package hyperref Warning: Suppressing empty link on input line 949.


Package Fancyhdr Warning: \headheight is too small (17.0pt): 
 Make it at least 25.60228pt.
 We now make it that large for the rest of the document.
 This may cause the page layout to be inconsistent, however.

Package babel Info: Redefining ngerman shorthand "|
(babel)             in language  on input line 949.
Package babel Info: Redefining ngerman shorthand "~
(babel)             in language  on input line 949.
Package babel Info: Redefining ngerman shorthand "|
(babel)             in language  on input line 949.
Package babel Info: Redefining ngerman shorthand "~
(babel)             in language  on input line 949.
[13]

Class scrartcl Warning: incompatible usage of \@ssect detected.
(scrartcl)              You've used the KOMA-Script implementation of \@ssect
(scrartcl)              from within a non compatible caller, that does not
(scrartcl)              \scr@s@ct@@nn@m@ locally.
(scrartcl)              This could result in several error messages on input li
ne 973.


Package hyperref Warning: Suppressing empty link on input line 1011.


Package Fancyhdr Warning: \headheight is too small (17.0pt): 
 Make it at least 25.60228pt.
 We now make it that large for the rest of the document.
 This may cause the page layout to be inconsistent, however.

Package babel Info: Redefining ngerman shorthand "|
(babel)             in language  on input line 1011.
Package babel Info: Redefining ngerman shorthand "~
(babel)             in language  on input line 1011.
Package babel Info: Redefining ngerman shorthand "|
(babel)             in language  on input line 1011.
Package babel Info: Redefining ngerman shorthand "~
(babel)             in language  on input line 1011.
[14]

Package hyperref Warning: Suppressing empty link on input line 1075.


Package Fancyhdr Warning: \headheight is too small (17.0pt): 
 Make it at least 25.60228pt.
 We now make it that large for the rest of the document.
 This may cause the page layout to be inconsistent, however.

Package babel Info: Redefining ngerman shorthand "|
(babel)             in language  on input line 1075.
Package babel Info: Redefining ngerman shorthand "~
(babel)             in language  on input line 1075.
Package babel Info: Redefining ngerman shorthand "|
(babel)             in language  on input line 1075.
Package babel Info: Redefining ngerman shorthand "~
(babel)             in language  on input line 1075.
[15]

Class scrartcl Warning: incompatible usage of \@ssect detected.
(scrartcl)              You've used the KOMA-Script implementation of \@ssect
(scrartcl)              from within a non compatible caller, that does not
(scrartcl)              \scr@s@ct@@nn@m@ locally.
(scrartcl)              This could result in several error messages on input li
ne 1129.


Package hyperref Warning: Suppressing empty link on input line 1141.


Package Fancyhdr Warning: \headheight is too small (17.0pt): 
 Make it at least 25.60228pt.
 We now make it that large for the rest of the document.
 This may cause the page layout to be inconsistent, however.

Package babel Info: Redefining ngerman shorthand "|
(babel)             in language  on input line 1141.
Package babel Info: Redefining ngerman shorthand "~
(babel)             in language  on input line 1141.
Package babel Info: Redefining ngerman shorthand "|
(babel)             in language  on input line 1141.
Package babel Info: Redefining ngerman shorthand "~
(babel)             in language  on input line 1141.
[16]

Package hyperref Warning: Suppressing empty link on input line 1219.


Package Fancyhdr Warning: \headheight is too small (17.0pt): 
 Make it at least 25.60228pt.
 We now make it that large for the rest of the document.
 This may cause the page layout to be inconsistent, however.

Package babel Info: Redefining ngerman shorthand "|
(babel)             in language  on input line 1219.
Package babel Info: Redefining ngerman shorthand "~
(babel)             in language  on input line 1219.
Package babel Info: Redefining ngerman shorthand "|
(babel)             in language  on input line 1219.
Package babel Info: Redefining ngerman shorthand "~
(babel)             in language  on input line 1219.
[17]

Class scrartcl Warning: incompatible usage of \@ssect detected.
(scrartcl)              You've used the KOMA-Script implementation of \@ssect
(scrartcl)              from within a non compatible caller, that does not
(scrartcl)              \scr@s@ct@@nn@m@ locally.
(scrartcl)              This could result in several error messages on input li
ne 1245.


Package hyperref Warning: Suppressing empty link on input line 1275.


Package Fancyhdr Warning: \headheight is too small (17.0pt): 
 Make it at least 25.60228pt.
 We now make it that large for the rest of the document.
 This may cause the page layout to be inconsistent, however.

Package babel Info: Redefining ngerman shorthand "|
(babel)             in language  on input line 1275.
Package babel Info: Redefining ngerman shorthand "~
(babel)             in language  on input line 1275.
Package babel Info: Redefining ngerman shorthand "|
(babel)             in language  on input line 1275.
Package babel Info: Redefining ngerman shorthand "~
(babel)             in language  on input line 1275.
[18]

Package hyperref Warning: Suppressing empty link on input line 1337.


Package Fancyhdr Warning: \headheight is too small (17.0pt): 
 Make it at least 25.60228pt.
 We now make it that large for the rest of the document.
 This may cause the page layout to be inconsistent, however.

Package babel Info: Redefining ngerman shorthand "|
(babel)             in language  on input line 1337.
Package babel Info: Redefining ngerman shorthand "~
(babel)             in language  on input line 1337.
Package babel Info: Redefining ngerman shorthand "|
(babel)             in language  on input line 1337.
Package babel Info: Redefining ngerman shorthand "~
(babel)             in language  on input line 1337.
[19]

Package hyperref Warning: Suppressing empty link on input line 1417.


Package Fancyhdr Warning: \headheight is too small (17.0pt): 
 Make it at least 25.60228pt.
 We now make it that large for the rest of the document.
 This may cause the page layout to be inconsistent, however.

Package babel Info: Redefining ngerman shorthand "|
(babel)             in language  on input line 1417.
Package babel Info: Redefining ngerman shorthand "~
(babel)             in language  on input line 1417.
Package babel Info: Redefining ngerman shorthand "|
(babel)             in language  on input line 1417.
Package babel Info: Redefining ngerman shorthand "~
(babel)             in language  on input line 1417.
[20]
Overfull \hbox (7.23761pt too wide) in paragraph at lines 1443--1455
[]\T1/ppl/m/n/10.95 Das Zu-sam-men-ru-fen di-gi-ta-ler Links aus ei-ner elek-tr
o-ni-schen Netzres-sour-ce her-aus per Mausklick
 []


Overfull \hbox (9.41994pt too wide) in paragraph at lines 1443--1455
\T1/ppl/m/n/10.95 net-zun-ter-stütz-te Fern-kon-sul-ta-ti-on auf frem-den Ser-v
ern. Der ^^R  Nicht-Materialisierung^^P ei-nes ^^R  Ana-
 []


Package hyperref Warning: Suppressing empty link on input line 1475.


Package Fancyhdr Warning: \headheight is too small (17.0pt): 
 Make it at least 25.60228pt.
 We now make it that large for the rest of the document.
 This may cause the page layout to be inconsistent, however.

Package babel Info: Redefining ngerman shorthand "|
(babel)             in language  on input line 1475.
Package babel Info: Redefining ngerman shorthand "~
(babel)             in language  on input line 1475.
Package babel Info: Redefining ngerman shorthand "|
(babel)             in language  on input line 1475.
Package babel Info: Redefining ngerman shorthand "~
(babel)             in language  on input line 1475.
[21]

Class scrartcl Warning: incompatible usage of \@ssect detected.
(scrartcl)              You've used the KOMA-Script implementation of \@ssect
(scrartcl)              from within a non compatible caller, that does not
(scrartcl)              \scr@s@ct@@nn@m@ locally.
(scrartcl)              This could result in several error messages on input li
ne 1497.


Package hyperref Warning: Suppressing empty link on input line 1556.


Package Fancyhdr Warning: \headheight is too small (17.0pt): 
 Make it at least 25.60228pt.
 We now make it that large for the rest of the document.
 This may cause the page layout to be inconsistent, however.

Package babel Info: Redefining ngerman shorthand "|
(babel)             in language  on input line 1556.
Package babel Info: Redefining ngerman shorthand "~
(babel)             in language  on input line 1556.
Package babel Info: Redefining ngerman shorthand "|
(babel)             in language  on input line 1556.
Package babel Info: Redefining ngerman shorthand "~
(babel)             in language  on input line 1556.
[22]

Package hyperref Warning: Suppressing empty link on input line 1603.


Package Fancyhdr Warning: \headheight is too small (17.0pt): 
 Make it at least 25.60228pt.
 We now make it that large for the rest of the document.
 This may cause the page layout to be inconsistent, however.

Package babel Info: Redefining ngerman shorthand "|
(babel)             in language  on input line 1603.
Package babel Info: Redefining ngerman shorthand "~
(babel)             in language  on input line 1603.
Package babel Info: Redefining ngerman shorthand "|
(babel)             in language  on input line 1603.
Package babel Info: Redefining ngerman shorthand "~
(babel)             in language  on input line 1603.
[23]

Package hyperref Warning: Suppressing empty link on input line 1677.


Package Fancyhdr Warning: \headheight is too small (17.0pt): 
 Make it at least 25.60228pt.
 We now make it that large for the rest of the document.
 This may cause the page layout to be inconsistent, however.

Package babel Info: Redefining ngerman shorthand "|
(babel)             in language  on input line 1677.
Package babel Info: Redefining ngerman shorthand "~
(babel)             in language  on input line 1677.
Package babel Info: Redefining ngerman shorthand "|
(babel)             in language  on input line 1677.
Package babel Info: Redefining ngerman shorthand "~
(babel)             in language  on input line 1677.
[24]

Class scrartcl Warning: incompatible usage of \@ssect detected.
(scrartcl)              You've used the KOMA-Script implementation of \@ssect
(scrartcl)              from within a non compatible caller, that does not
(scrartcl)              \scr@s@ct@@nn@m@ locally.
(scrartcl)              This could result in several error messages on input li
ne 1700.


Package hyperref Warning: Suppressing empty link on input line 1729.


Package Fancyhdr Warning: \headheight is too small (17.0pt): 
 Make it at least 25.60228pt.
 We now make it that large for the rest of the document.
 This may cause the page layout to be inconsistent, however.

Package babel Info: Redefining ngerman shorthand "|
(babel)             in language  on input line 1729.
Package babel Info: Redefining ngerman shorthand "~
(babel)             in language  on input line 1729.
Package babel Info: Redefining ngerman shorthand "|
(babel)             in language  on input line 1729.
Package babel Info: Redefining ngerman shorthand "~
(babel)             in language  on input line 1729.
[25]

Package hyperref Warning: Suppressing empty link on input line 1796.


Package Fancyhdr Warning: \headheight is too small (17.0pt): 
 Make it at least 25.60228pt.
 We now make it that large for the rest of the document.
 This may cause the page layout to be inconsistent, however.

Package babel Info: Redefining ngerman shorthand "|
(babel)             in language  on input line 1796.
Package babel Info: Redefining ngerman shorthand "~
(babel)             in language  on input line 1796.
Package babel Info: Redefining ngerman shorthand "|
(babel)             in language  on input line 1796.
Package babel Info: Redefining ngerman shorthand "~
(babel)             in language  on input line 1796.
[26]

Class scrartcl Warning: incompatible usage of \@ssect detected.
(scrartcl)              You've used the KOMA-Script implementation of \@ssect
(scrartcl)              from within a non compatible caller, that does not
(scrartcl)              \scr@s@ct@@nn@m@ locally.
(scrartcl)              This could result in several error messages on input li
ne 1815.


Package hyperref Warning: Suppressing empty link on input line 1858.


Package Fancyhdr Warning: \headheight is too small (17.0pt): 
 Make it at least 25.60228pt.
 We now make it that large for the rest of the document.
 This may cause the page layout to be inconsistent, however.

Package babel Info: Redefining ngerman shorthand "|
(babel)             in language  on input line 1858.
Package babel Info: Redefining ngerman shorthand "~
(babel)             in language  on input line 1858.
Package babel Info: Redefining ngerman shorthand "|
(babel)             in language  on input line 1858.
Package babel Info: Redefining ngerman shorthand "~
(babel)             in language  on input line 1858.
[27]

Package hyperref Warning: Suppressing empty link on input line 1922.


Package Fancyhdr Warning: \headheight is too small (17.0pt): 
 Make it at least 25.60228pt.
 We now make it that large for the rest of the document.
 This may cause the page layout to be inconsistent, however.

Package babel Info: Redefining ngerman shorthand "|
(babel)             in language  on input line 1922.
Package babel Info: Redefining ngerman shorthand "~
(babel)             in language  on input line 1922.
Package babel Info: Redefining ngerman shorthand "|
(babel)             in language  on input line 1922.
Package babel Info: Redefining ngerman shorthand "~
(babel)             in language  on input line 1922.
[28]
Overfull \hbox (2.24464pt too wide) in paragraph at lines 1946--1949
\T1/ppl/m/n/10.95 und Deu-tung für geis-tes-wis-sen-schaft-li-che For-schung ko
n-ser-vie-ren lie-ÿe, muss ge-gen-wär-tig noch
 []


Class scrartcl Warning: incompatible usage of \@ssect detected.
(scrartcl)              You've used the KOMA-Script implementation of \@ssect
(scrartcl)              from within a non compatible caller, that does not
(scrartcl)              \scr@s@ct@@nn@m@ locally.
(scrartcl)              This could result in several error messages on input li
ne 1961.


Package hyperref Warning: Suppressing empty link on input line 1986.


Package Fancyhdr Warning: \headheight is too small (17.0pt): 
 Make it at least 25.60228pt.
 We now make it that large for the rest of the document.
 This may cause the page layout to be inconsistent, however.

Package babel Info: Redefining ngerman shorthand "|
(babel)             in language  on input line 1986.
Package babel Info: Redefining ngerman shorthand "~
(babel)             in language  on input line 1986.
Package babel Info: Redefining ngerman shorthand "|
(babel)             in language  on input line 1986.
Package babel Info: Redefining ngerman shorthand "~
(babel)             in language  on input line 1986.
[29]
Overfull \hbox (3.087pt too wide) in paragraph at lines 2005--2021
[]\T1/ppl/m/n/10.95 Diese Ver-mi-schung je-doch soll er-reicht wer-den durch ve
r-schie-dens-te in-no-va-ti-ve Be-nut-zer-schnitt-
 []


Overfull \hbox (8.0468pt too wide) in paragraph at lines 2005--2021
\T1/ppl/m/n/10.95 ^^R  No-ti-zen^^P (Anoto.com-Digitalschreibstift und echt-zei
t-über-tra-gungs-fä-hi-ger Di-gi-tal-be-schreib-stoff),
 []


Package hyperref Warning: Suppressing empty link on input line 2064.


Package Fancyhdr Warning: \headheight is too small (17.0pt): 
 Make it at least 25.60228pt.
 We now make it that large for the rest of the document.
 This may cause the page layout to be inconsistent, however.

Package babel Info: Redefining ngerman shorthand "|
(babel)             in language  on input line 2064.
Package babel Info: Redefining ngerman shorthand "~
(babel)             in language  on input line 2064.
Package babel Info: Redefining ngerman shorthand "|
(babel)             in language  on input line 2064.
Package babel Info: Redefining ngerman shorthand "~
(babel)             in language  on input line 2064.
[30]

Class scrartcl Warning: incompatible usage of \@ssect detected.
(scrartcl)              You've used the KOMA-Script implementation of \@ssect
(scrartcl)              from within a non compatible caller, that does not
(scrartcl)              \scr@s@ct@@nn@m@ locally.
(scrartcl)              This could result in several error messages on input li
ne 2074.


Package hyperref Warning: Suppressing empty link on input line 2110.


Package Fancyhdr Warning: \headheight is too small (17.0pt): 
 Make it at least 25.60228pt.
 We now make it that large for the rest of the document.
 This may cause the page layout to be inconsistent, however.

Package babel Info: Redefining ngerman shorthand "|
(babel)             in language  on input line 2110.
Package babel Info: Redefining ngerman shorthand "~
(babel)             in language  on input line 2110.
Package babel Info: Redefining ngerman shorthand "|
(babel)             in language  on input line 2110.
Package babel Info: Redefining ngerman shorthand "~
(babel)             in language  on input line 2110.
[31]

Package hyperref Warning: Suppressing empty link on input line 2185.


Package Fancyhdr Warning: \headheight is too small (17.0pt): 
 Make it at least 25.60228pt.
 We now make it that large for the rest of the document.
 This may cause the page layout to be inconsistent, however.

Package babel Info: Redefining ngerman shorthand "|
(babel)             in language  on input line 2185.
Package babel Info: Redefining ngerman shorthand "~
(babel)             in language  on input line 2185.
Package babel Info: Redefining ngerman shorthand "|
(babel)             in language  on input line 2185.
Package babel Info: Redefining ngerman shorthand "~
(babel)             in language  on input line 2185.
[32]

Class scrartcl Warning: incompatible usage of \@ssect detected.
(scrartcl)              You've used the KOMA-Script implementation of \@ssect
(scrartcl)              from within a non compatible caller, that does not
(scrartcl)              \scr@s@ct@@nn@m@ locally.
(scrartcl)              This could result in several error messages on input li
ne 2250.


Package hyperref Warning: Suppressing empty link on input line 2250.


Package Fancyhdr Warning: \headheight is too small (17.0pt): 
 Make it at least 25.60228pt.
 We now make it that large for the rest of the document.
 This may cause the page layout to be inconsistent, however.

Package babel Info: Redefining ngerman shorthand "|
(babel)             in language  on input line 2250.
Package babel Info: Redefining ngerman shorthand "~
(babel)             in language  on input line 2250.
Package babel Info: Redefining ngerman shorthand "|
(babel)             in language  on input line 2250.
Package babel Info: Redefining ngerman shorthand "~
(babel)             in language  on input line 2250.
[33]
Overfull \hbox (3.53586pt too wide) in paragraph at lines 2270--2289
[]\T1/ppl/m/n/10.95 Tatsächlich lie-fern die Ko-gni-ti-ons-wis-sen-schaf-ten un
-ter dem Ein-fluss ei-nes ^^R  socio-epistemological
 []


Overfull \hbox (11.17392pt too wide) in paragraph at lines 2270--2289
\T1/ppl/m/n/10.95 crea-ti-ve turn^^P[][][][][] wich-ti-ge theo-re-ti-sche Hin-w
ei-se für Kon-zep-te von Mensch-Raum-Technik-Schnitt-
 []


Class scrartcl Warning: incompatible usage of \@ssect detected.
(scrartcl)              You've used the KOMA-Script implementation of \@ssect
(scrartcl)              from within a non compatible caller, that does not
(scrartcl)              \scr@s@ct@@nn@m@ locally.
(scrartcl)              This could result in several error messages on input li
ne 2294.


Package hyperref Warning: Suppressing empty link on input line 2316.


Package Fancyhdr Warning: \headheight is too small (17.0pt): 
 Make it at least 25.60228pt.
 We now make it that large for the rest of the document.
 This may cause the page layout to be inconsistent, however.

Package babel Info: Redefining ngerman shorthand "|
(babel)             in language  on input line 2316.
Package babel Info: Redefining ngerman shorthand "~
(babel)             in language  on input line 2316.
Package babel Info: Redefining ngerman shorthand "|
(babel)             in language  on input line 2316.
Package babel Info: Redefining ngerman shorthand "~
(babel)             in language  on input line 2316.
[34]

Package hyperref Warning: Suppressing empty link on input line 2384.


Package Fancyhdr Warning: \headheight is too small (17.0pt): 
 Make it at least 25.60228pt.
 We now make it that large for the rest of the document.
 This may cause the page layout to be inconsistent, however.

Package babel Info: Redefining ngerman shorthand "|
(babel)             in language  on input line 2384.
Package babel Info: Redefining ngerman shorthand "~
(babel)             in language  on input line 2384.
Package babel Info: Redefining ngerman shorthand "|
(babel)             in language  on input line 2384.
Package babel Info: Redefining ngerman shorthand "~
(babel)             in language  on input line 2384.
[35]
Overfull \hbox (1.08398pt too wide) in paragraph at lines 2416--2453
[]\T1/ppl/m/n/10.95 Zu den se-lek-ti-ven Me-cha-nis-men be-grenz-ter Auf-merk-s
am-keit hat Alei-da Ass-mann (2001) Grund-
 []


Package hyperref Warning: Suppressing empty link on input line 2465.


Package Fancyhdr Warning: \headheight is too small (17.0pt): 
 Make it at least 25.60228pt.
 We now make it that large for the rest of the document.
 This may cause the page layout to be inconsistent, however.

Package babel Info: Redefining ngerman shorthand "|
(babel)             in language  on input line 2465.
Package babel Info: Redefining ngerman shorthand "~
(babel)             in language  on input line 2465.
Package babel Info: Redefining ngerman shorthand "|
(babel)             in language  on input line 2465.
Package babel Info: Redefining ngerman shorthand "~
(babel)             in language  on input line 2465.
[36]

Package hyperref Warning: Suppressing empty link on input line 2520.


Package Fancyhdr Warning: \headheight is too small (17.0pt): 
 Make it at least 25.60228pt.
 We now make it that large for the rest of the document.
 This may cause the page layout to be inconsistent, however.

Package babel Info: Redefining ngerman shorthand "|
(babel)             in language  on input line 2520.
Package babel Info: Redefining ngerman shorthand "~
(babel)             in language  on input line 2520.
Package babel Info: Redefining ngerman shorthand "|
(babel)             in language  on input line 2520.
Package babel Info: Redefining ngerman shorthand "~
(babel)             in language  on input line 2520.
[37]

Package hyperref Warning: Suppressing empty link on input line 2586.


Package Fancyhdr Warning: \headheight is too small (17.0pt): 
 Make it at least 25.60228pt.
 We now make it that large for the rest of the document.
 This may cause the page layout to be inconsistent, however.

Package babel Info: Redefining ngerman shorthand "|
(babel)             in language  on input line 2586.
Package babel Info: Redefining ngerman shorthand "~
(babel)             in language  on input line 2586.
Package babel Info: Redefining ngerman shorthand "|
(babel)             in language  on input line 2586.
Package babel Info: Redefining ngerman shorthand "~
(babel)             in language  on input line 2586.
[38]

Package hyperref Warning: Suppressing empty link on input line 2651.


Package Fancyhdr Warning: \headheight is too small (17.0pt): 
 Make it at least 25.60228pt.
 We now make it that large for the rest of the document.
 This may cause the page layout to be inconsistent, however.

Package babel Info: Redefining ngerman shorthand "|
(babel)             in language  on input line 2651.
Package babel Info: Redefining ngerman shorthand "~
(babel)             in language  on input line 2651.
Package babel Info: Redefining ngerman shorthand "|
(babel)             in language  on input line 2651.
Package babel Info: Redefining ngerman shorthand "~
(babel)             in language  on input line 2651.
[39]

Class scrartcl Warning: incompatible usage of \@ssect detected.
(scrartcl)              You've used the KOMA-Script implementation of \@ssect
(scrartcl)              from within a non compatible caller, that does not
(scrartcl)              \scr@s@ct@@nn@m@ locally.
(scrartcl)              This could result in several error messages on input li
ne 2685.


Package hyperref Warning: Suppressing empty link on input line 2720.


Package Fancyhdr Warning: \headheight is too small (17.0pt): 
 Make it at least 25.60228pt.
 We now make it that large for the rest of the document.
 This may cause the page layout to be inconsistent, however.

Package babel Info: Redefining ngerman shorthand "|
(babel)             in language  on input line 2720.
Package babel Info: Redefining ngerman shorthand "~
(babel)             in language  on input line 2720.
Package babel Info: Redefining ngerman shorthand "|
(babel)             in language  on input line 2720.
Package babel Info: Redefining ngerman shorthand "~
(babel)             in language  on input line 2720.
[40]

Package hyperref Warning: Suppressing empty link on input line 2802.


Package Fancyhdr Warning: \headheight is too small (17.0pt): 
 Make it at least 25.60228pt.
 We now make it that large for the rest of the document.
 This may cause the page layout to be inconsistent, however.

Package babel Info: Redefining ngerman shorthand "|
(babel)             in language  on input line 2802.
Package babel Info: Redefining ngerman shorthand "~
(babel)             in language  on input line 2802.
Package babel Info: Redefining ngerman shorthand "|
(babel)             in language  on input line 2802.
Package babel Info: Redefining ngerman shorthand "~
(babel)             in language  on input line 2802.
[41]
Overfull \hbox (0.8644pt too wide) in paragraph at lines 2850--2856
\T1/ppl/m/n/10.95 mut Ro-sas bei-läu-fig ge-stell-te Fra-ge auf-greift, in-wie-
weit mensch-li-che un-mit-tel-bar phy-si-sche Welt-
 []


Package hyperref Warning: Suppressing empty link on input line 2856.


Package Fancyhdr Warning: \headheight is too small (17.0pt): 
 Make it at least 25.60228pt.
 We now make it that large for the rest of the document.
 This may cause the page layout to be inconsistent, however.

Package babel Info: Redefining ngerman shorthand "|
(babel)             in language  on input line 2856.
Package babel Info: Redefining ngerman shorthand "~
(babel)             in language  on input line 2856.
Package babel Info: Redefining ngerman shorthand "|
(babel)             in language  on input line 2856.
Package babel Info: Redefining ngerman shorthand "~
(babel)             in language  on input line 2856.
[42]

Package hyperref Warning: Suppressing empty link on input line 2924.


Package Fancyhdr Warning: \headheight is too small (17.0pt): 
 Make it at least 25.60228pt.
 We now make it that large for the rest of the document.
 This may cause the page layout to be inconsistent, however.

Package babel Info: Redefining ngerman shorthand "|
(babel)             in language  on input line 2924.
Package babel Info: Redefining ngerman shorthand "~
(babel)             in language  on input line 2924.
Package babel Info: Redefining ngerman shorthand "|
(babel)             in language  on input line 2924.
Package babel Info: Redefining ngerman shorthand "~
(babel)             in language  on input line 2924.
[43]

Package hyperref Warning: Suppressing empty link on input line 2986.


Package Fancyhdr Warning: \headheight is too small (17.0pt): 
 Make it at least 25.60228pt.
 We now make it that large for the rest of the document.
 This may cause the page layout to be inconsistent, however.

Package babel Info: Redefining ngerman shorthand "|
(babel)             in language  on input line 2986.
Package babel Info: Redefining ngerman shorthand "~
(babel)             in language  on input line 2986.
Package babel Info: Redefining ngerman shorthand "|
(babel)             in language  on input line 2986.
Package babel Info: Redefining ngerman shorthand "~
(babel)             in language  on input line 2986.
[44]

Package hyperref Warning: Suppressing empty link on input line 3066.


Package Fancyhdr Warning: \headheight is too small (17.0pt): 
 Make it at least 25.60228pt.
 We now make it that large for the rest of the document.
 This may cause the page layout to be inconsistent, however.

Package babel Info: Redefining ngerman shorthand "|
(babel)             in language  on input line 3066.
Package babel Info: Redefining ngerman shorthand "~
(babel)             in language  on input line 3066.
Package babel Info: Redefining ngerman shorthand "|
(babel)             in language  on input line 3066.
Package babel Info: Redefining ngerman shorthand "~
(babel)             in language  on input line 3066.
[45]

Class scrartcl Warning: incompatible usage of \@ssect detected.
(scrartcl)              You've used the KOMA-Script implementation of \@ssect
(scrartcl)              from within a non compatible caller, that does not
(scrartcl)              \scr@s@ct@@nn@m@ locally.
(scrartcl)              This could result in several error messages on input li
ne 3096.

LaTeX Font Info:    Font shape `T1/ppl/bx/n' in size <10.95> not available
(Font)              Font shape `T1/ppl/b/n' tried instead on input line 3098.

Overfull \hbox (9.21616pt too wide) in paragraph at lines 3098--3100
\T1/ppl/b/n/10.95 Alt\T1/ppl/m/n/10.95 , Peter-André (2014), Ar-ti-kel-flut und
 For-schungs-müll. In: Süd-deut-sche Zei-tung vom 23.06.2014,
 []


Package hyperref Warning: Suppressing empty link on input line 3120.


Package Fancyhdr Warning: \headheight is too small (17.0pt): 
 Make it at least 25.60228pt.
 We now make it that large for the rest of the document.
 This may cause the page layout to be inconsistent, however.

Package babel Info: Redefining ngerman shorthand "|
(babel)             in language  on input line 3120.
Package babel Info: Redefining ngerman shorthand "~
(babel)             in language  on input line 3120.
Package babel Info: Redefining ngerman shorthand "|
(babel)             in language  on input line 3120.
Package babel Info: Redefining ngerman shorthand "~
(babel)             in language  on input line 3120.
[46]

Package hyperref Warning: Suppressing empty link on input line 3188.


Package Fancyhdr Warning: \headheight is too small (17.0pt): 
 Make it at least 25.60228pt.
 We now make it that large for the rest of the document.
 This may cause the page layout to be inconsistent, however.

Package babel Info: Redefining ngerman shorthand "|
(babel)             in language  on input line 3188.
Package babel Info: Redefining ngerman shorthand "~
(babel)             in language  on input line 3188.
Package babel Info: Redefining ngerman shorthand "|
(babel)             in language  on input line 3188.
Package babel Info: Redefining ngerman shorthand "~
(babel)             in language  on input line 3188.
[47]
! Undefined control sequence.
l.3240 \tightlist
                 
? 

Package hyperref Warning: Suppressing empty link on input line 3262.


Package Fancyhdr Warning: \headheight is too small (17.0pt): 
 Make it at least 25.60228pt.
 We now make it that large for the rest of the document.
 This may cause the page layout to be inconsistent, however.

Package babel Info: Redefining ngerman shorthand "|
(babel)             in language  on input line 3262.
Package babel Info: Redefining ngerman shorthand "~
(babel)             in language  on input line 3262.
Package babel Info: Redefining ngerman shorthand "|
(babel)             in language  on input line 3262.
Package babel Info: Redefining ngerman shorthand "~
(babel)             in language  on input line 3262.
[48]

Package hyperref Warning: Suppressing empty link on input line 3326.


Package Fancyhdr Warning: \headheight is too small (17.0pt): 
 Make it at least 25.60228pt.
 We now make it that large for the rest of the document.
 This may cause the page layout to be inconsistent, however.

Package babel Info: Redefining ngerman shorthand "|
(babel)             in language  on input line 3326.
Package babel Info: Redefining ngerman shorthand "~
(babel)             in language  on input line 3326.
Package babel Info: Redefining ngerman shorthand "|
(babel)             in language  on input line 3326.
Package babel Info: Redefining ngerman shorthand "~
(babel)             in language  on input line 3326.
[49]

Package hyperref Warning: Suppressing empty link on input line 3398.


Package Fancyhdr Warning: \headheight is too small (17.0pt): 
 Make it at least 25.60228pt.
 We now make it that large for the rest of the document.
 This may cause the page layout to be inconsistent, however.

Package babel Info: Redefining ngerman shorthand "|
(babel)             in language  on input line 3398.
Package babel Info: Redefining ngerman shorthand "~
(babel)             in language  on input line 3398.
Package babel Info: Redefining ngerman shorthand "|
(babel)             in language  on input line 3398.
Package babel Info: Redefining ngerman shorthand "~
(babel)             in language  on input line 3398.
[50]
Overfull \hbox (7.407pt too wide) in paragraph at lines 3462--3466
[]\T1/ppl/b/n/10.95 Lübbe\T1/ppl/m/n/10.95 , Her-mann (1988) Der ver-kürz-te Au
f-ent-halt in der Ge-gen-wart. Wand-lun-gen des Ge-schichts-
 []


Package hyperref Warning: Suppressing empty link on input line 3466.


Package Fancyhdr Warning: \headheight is too small (17.0pt): 
 Make it at least 25.60228pt.
 We now make it that large for the rest of the document.
 This may cause the page layout to be inconsistent, however.

Package babel Info: Redefining ngerman shorthand "|
(babel)             in language  on input line 3466.
Package babel Info: Redefining ngerman shorthand "~
(babel)             in language  on input line 3466.
Package babel Info: Redefining ngerman shorthand "|
(babel)             in language  on input line 3466.
Package babel Info: Redefining ngerman shorthand "~
(babel)             in language  on input line 3466.
[51]

Package hyperref Warning: Suppressing empty link on input line 3534.


Package Fancyhdr Warning: \headheight is too small (17.0pt): 
 Make it at least 25.60228pt.
 We now make it that large for the rest of the document.
 This may cause the page layout to be inconsistent, however.

Package babel Info: Redefining ngerman shorthand "|
(babel)             in language  on input line 3534.
Package babel Info: Redefining ngerman shorthand "~
(babel)             in language  on input line 3534.
Package babel Info: Redefining ngerman shorthand "|
(babel)             in language  on input line 3534.
Package babel Info: Redefining ngerman shorthand "~
(babel)             in language  on input line 3534.
[52]
Overfull \hbox (4.62566pt too wide) in paragraph at lines 3589--3592
\T1/ppl/m/n/10.95 Konsequen-zen der di-gi-ta-len Über-lie-fe-rung. Karls-ru-he 
: Karls-ru-her In-sti-tut für Tech-no-lo-gie (KIT),
 []


Package hyperref Warning: Suppressing empty link on input line 3596.


Package Fancyhdr Warning: \headheight is too small (17.0pt): 
 Make it at least 25.60228pt.
 We now make it that large for the rest of the document.
 This may cause the page layout to be inconsistent, however.

Package babel Info: Redefining ngerman shorthand "|
(babel)             in language  on input line 3596.
Package babel Info: Redefining ngerman shorthand "~
(babel)             in language  on input line 3596.
Package babel Info: Redefining ngerman shorthand "|
(babel)             in language  on input line 3596.
Package babel Info: Redefining ngerman shorthand "~
(babel)             in language  on input line 3596.
[53]

Package hyperref Warning: Suppressing empty link on input line 3665.


Package Fancyhdr Warning: \headheight is too small (17.0pt): 
 Make it at least 25.60228pt.
 We now make it that large for the rest of the document.
 This may cause the page layout to be inconsistent, however.

Package babel Info: Redefining ngerman shorthand "|
(babel)             in language  on input line 3665.
Package babel Info: Redefining ngerman shorthand "~
(babel)             in language  on input line 3665.
Package babel Info: Redefining ngerman shorthand "|
(babel)             in language  on input line 3665.
Package babel Info: Redefining ngerman shorthand "~
(babel)             in language  on input line 3665.
[54]
! Undefined control sequence.
l.3705 \tightlist
                 
? 

Package hyperref Warning: Suppressing empty link on input line 3735.


Package Fancyhdr Warning: \headheight is too small (17.0pt): 
 Make it at least 25.60228pt.
 We now make it that large for the rest of the document.
 This may cause the page layout to be inconsistent, however.

Package babel Info: Redefining ngerman shorthand "|
(babel)             in language  on input line 3735.
Package babel Info: Redefining ngerman shorthand "~
(babel)             in language  on input line 3735.
Package babel Info: Redefining ngerman shorthand "|
(babel)             in language  on input line 3735.
Package babel Info: Redefining ngerman shorthand "~
(babel)             in language  on input line 3735.
[55]

Class scrartcl Warning: incompatible usage of \@ssect detected.
(scrartcl)              You've used the KOMA-Script implementation of \@ssect
(scrartcl)              from within a non compatible caller, that does not
(scrartcl)              \scr@s@ct@@nn@m@ locally.
(scrartcl)              This could result in several error messages on input li
ne 3750.


Package hyperref Warning: Suppressing empty link on input line 3797.


Package Fancyhdr Warning: \headheight is too small (17.0pt): 
 Make it at least 25.60228pt.
 We now make it that large for the rest of the document.
 This may cause the page layout to be inconsistent, however.

Package babel Info: Redefining ngerman shorthand "|
(babel)             in language  on input line 3797.
Package babel Info: Redefining ngerman shorthand "~
(babel)             in language  on input line 3797.
Package babel Info: Redefining ngerman shorthand "|
(babel)             in language  on input line 3797.
Package babel Info: Redefining ngerman shorthand "~
(babel)             in language  on input line 3797.
[56]
Overfull \hbox (2.423pt too wide) in paragraph at lines 3799--3805
\T1/ppl/m/n/10.95 schaft des Deut-schen His-to-ri-schen In-sti-tuts Pa-ris. In-
ter-es-sen-schwer-punk-te in Kul-tur-wis-sen-schaf-
 []

Package atveryend Info: Empty hook `BeforeClearDocument' on input line 3806.

Package hyperref Warning: Suppressing empty link on input line 3806.


Package Fancyhdr Warning: \headheight is too small (17.0pt): 
 Make it at least 25.60228pt.
 We now make it that large for the rest of the document.
 This may cause the page layout to be inconsistent, however.

Package babel Info: Redefining ngerman shorthand "|
(babel)             in language  on input line 3806.
Package babel Info: Redefining ngerman shorthand "~
(babel)             in language  on input line 3806.
Package babel Info: Redefining ngerman shorthand "|
(babel)             in language  on input line 3806.
Package babel Info: Redefining ngerman shorthand "~
(babel)             in language  on input line 3806.
[57]
Package atveryend Info: Empty hook `AfterLastShipout' on input line 3806.
 (./master.aux)
Package atveryend Info: Executing hook `AtVeryEndDocument' on input line 3806.
Package atveryend Info: Executing hook `AtEndAfterFileList' on input line 3806.

Package rerunfilecheck Info: File `master.out' has not changed.
(rerunfilecheck)             Checksum: D41D8CD98F00B204E9800998ECF8427E;0.
 ) 
Here is how much of TeX's memory you used:
 14856 strings out of 493014
 223611 string characters out of 6133350
 434892 words of memory out of 5000000
 17820 multiletter control sequences out of 15000+600000
 39618 words of font info for 82 fonts, out of 8000000 for 9000
 1141 hyphenation exceptions out of 8191
 43i,12n,52p,8485b,626s stack positions out of 5000i,500n,10000p,200000b,80000s
{/usr/local/texlive/2016/texmf-dist/fonts/enc/dvips/cm-super/cm-super-t1.enc}
{/usr/local/texlive/2016/texmf-dist/fonts/enc/dvips/base/8r.enc}</usr/local/tex
live/2016/texmf-dist/fonts/type1/public/cm-super/sfsx1095.pfb></usr/local/texli
ve/2016/texmf-dist/fonts/type1/public/cm-super/sfsx1200.pfb></usr/local/texlive
/2016/texmf-dist/fonts/type1/public/cm-super/sfsx1440.pfb></usr/local/texlive/2
016/texmf-dist/fonts/type1/public/cm-super/sfsx1728.pfb></usr/local/texlive/201
6/texmf-dist/fonts/type1/urw/palatino/uplb8a.pfb></usr/local/texlive/2016/texmf
-dist/fonts/type1/urw/palatino/uplr8a.pfb></usr/local/texlive/2016/texmf-dist/f
onts/type1/urw/palatino/uplri8a.pfb>
Output written on master.pdf (57 pages, 347871 bytes).
PDF statistics:
 882 PDF objects out of 1000 (max. 8388607)
 807 compressed objects within 9 object streams
 322 named destinations out of 1000 (max. 500000)
 1 words of extra memory for PDF output out of 10000 (max. 10000000)

